1571127097901	mozrunner::runner	INFO	Running command: "/usr/bin/firefox" "-marionette" "-foreground" "-no-remote" "-profile" "/tmp/rust_mozprofiledoRDQy"
1571127099529	addons.webextension.screenshots@mozilla.org	WARN	Loading extension 'screenshots@mozilla.org': Reading manifest: Invalid host permission: resource://pdf.js/
1571127099529	addons.webextension.screenshots@mozilla.org	WARN	Loading extension 'screenshots@mozilla.org': Reading manifest: Invalid host permission: about:reader*

(firefox:17394): LIBDBUSMENU-GLIB-WARNING **: Unable to get session bus: Error spawning command line 'dbus-launch --autolaunch=ebd83f68768e3cf067304f6057ffd700 --binary-syntax --close-stderr': Child process exited with code 1
1571127101899	Marionette	INFO	Listening on port 35206
1571127101917	Marionette	WARN	TLS certificate errors will be ignored for this session
[Parent 17394, Gecko_IOThread] WARNING: pipe error (71): Connection reset by peer: file /build/firefox-h0evE3/firefox-64.0+build3/ipc/chromium/src/chrome/common/ipc_channel_posix.cc, line 363
[Parent 17394, Gecko_IOThread] WARNING: pipe error (99): Connection reset by peer: file /build/firefox-h0evE3/firefox-64.0+build3/ipc/chromium/src/chrome/common/ipc_channel_posix.cc, line 363
1571127106893	Marionette	INFO	Stopped listening on port 35206
1571128210340	mozrunner::runner	INFO	Running command: "/usr/bin/firefox" "-marionette" "-foreground" "-no-remote" "-profile" "/tmp/rust_mozprofileIX2rLc"
1571128211838	addons.webextension.screenshots@mozilla.org	WARN	Loading extension 'screenshots@mozilla.org': Reading manifest: Invalid host permission: resource://pdf.js/
1571128211838	addons.webextension.screenshots@mozilla.org	WARN	Loading extension 'screenshots@mozilla.org': Reading manifest: Invalid host permission: about:reader*

(firefox:24520): LIBDBUSMENU-GLIB-WARNING **: Unable to get session bus: Error spawning command line 'dbus-launch --autolaunch=ebd83f68768e3cf067304f6057ffd700 --binary-syntax --close-stderr': Child process exited with code 1
1571128213491	Marionette	INFO	Listening on port 46354
1571128213592	Marionette	WARN	TLS certificate errors will be ignored for this session
console.error: BroadcastService: 
  receivedBroadcastMessage: handler for
  remote-settings/monitor_changes
  threw error:
  Message: Error: Polling for changes failed: NetworkError when attempting to fetch resource..
  Stack:
    remoteSettingsFunction/remoteSettings.pollChanges@resource://services-settings/remote-settings.js:750:13

1571208278168	mozrunner::runner	INFO	Running command: "/usr/bin/firefox" "-marionette" "-foreground" "-no-remote" "-profile" "/tmp/rust_mozprofileRpq0pv"
1571208279577	addons.webextension.screenshots@mozilla.org	WARN	Loading extension 'screenshots@mozilla.org': Reading manifest: Invalid host permission: resource://pdf.js/
1571208279577	addons.webextension.screenshots@mozilla.org	WARN	Loading extension 'screenshots@mozilla.org': Reading manifest: Invalid host permission: about:reader*

(firefox:15646): LIBDBUSMENU-GLIB-WARNING **: Unable to get session bus: Error spawning command line 'dbus-launch --autolaunch=ebd83f68768e3cf067304f6057ffd700 --binary-syntax --close-stderr': Child process exited with code 1
1571208281464	Marionette	INFO	Listening on port 34298
1571208281544	Marionette	WARN	TLS certificate errors will be ignored for this session
console.error: BroadcastService: 
  receivedBroadcastMessage: handler for
  remote-settings/monitor_changes
  threw error:
  Message: Error: Polling for changes failed: NetworkError when attempting to fetch resource..
  Stack:
    remoteSettingsFunction/remoteSettings.pollChanges@resource://services-settings/remote-settings.js:750:13

1571208978739	mozrunner::runner	INFO	Running command: "/usr/bin/firefox" "-marionette" "-foreground" "-no-remote" "-profile" "/tmp/rust_mozprofile2jR5FS"
1571208980213	addons.webextension.screenshots@mozilla.org	WARN	Loading extension 'screenshots@mozilla.org': Reading manifest: Invalid host permission: resource://pdf.js/
1571208980213	addons.webextension.screenshots@mozilla.org	WARN	Loading extension 'screenshots@mozilla.org': Reading manifest: Invalid host permission: about:reader*

(firefox:29730): LIBDBUSMENU-GLIB-WARNING **: Unable to get session bus: Error spawning command line 'dbus-launch --autolaunch=ebd83f68768e3cf067304f6057ffd700 --binary-syntax --close-stderr': Child process exited with code 1
1571208982497	Marionette	INFO	Listening on port 40303
1571208982550	Marionette	WARN	TLS certificate errors will be ignored for this session
console.error: BroadcastService: 
  receivedBroadcastMessage: handler for
  remote-settings/monitor_changes
  threw error:
  Message: Error: Polling for changes failed: NetworkError when attempting to fetch resource..
  Stack:
    remoteSettingsFunction/remoteSettings.pollChanges@resource://services-settings/remote-settings.js:750:13

1571209623870	mozrunner::runner	INFO	Running command: "/usr/bin/firefox" "-marionette" "-foreground" "-no-remote" "-profile" "/tmp/rust_mozprofileiiYWCB"
1571209625406	addons.webextension.screenshots@mozilla.org	WARN	Loading extension 'screenshots@mozilla.org': Reading manifest: Invalid host permission: resource://pdf.js/
1571209625406	addons.webextension.screenshots@mozilla.org	WARN	Loading extension 'screenshots@mozilla.org': Reading manifest: Invalid host permission: about:reader*

(firefox:6200): LIBDBUSMENU-GLIB-WARNING **: Unable to get session bus: Error spawning command line 'dbus-launch --autolaunch=ebd83f68768e3cf067304f6057ffd700 --binary-syntax --close-stderr': Child process exited with code 1
1571209627512	Marionette	INFO	Listening on port 42297
1571209627580	Marionette	WARN	TLS certificate errors will be ignored for this session
console.error: BroadcastService: 
  receivedBroadcastMessage: handler for
  remote-settings/monitor_changes
  threw error:
  Message: Error: Polling for changes failed: NetworkError when attempting to fetch resource..
  Stack:
    remoteSettingsFunction/remoteSettings.pollChanges@resource://services-settings/remote-settings.js:750:13

console.error: "Protocol error (noSuchActor): No such actor for ID: server1.conn0.child1/highlighter28"
IPDL protocol error: Handler returned error code!

###!!! [Parent][DispatchAsyncMessage] Error: PLayerTransaction::Msg_ReleaseLayer Processing error: message was deserialized, but the handler returned false (indicating failure)

IPDL protocol error: Handler returned error code!

###!!! [Parent][DispatchAsyncMessage] Error: PLayerTransaction::Msg_ReleaseLayer Processing error: message was deserialized, but the handler returned false (indicating failure)

IPDL protocol error: Handler returned error code!

###!!! [Parent][DispatchAsyncMessage] Error: PLayerTransaction::Msg_ReleaseLayer Processing error: message was deserialized, but the handler returned false (indicating failure)

IPDL protocol error: Handler returned error code!

###!!! [Parent][DispatchAsyncMessage] Error: PLayerTransaction::Msg_ReleaseLayer Processing error: message was deserialized, but the handler returned false (indicating failure)

[Parent 6200, Gecko_IOThread] WARNING: pipe error (74): Connection reset by peer: file /build/firefox-h0evE3/firefox-64.0+build3/ipc/chromium/src/chrome/common/ipc_channel_posix.cc, line 363
1571308682947	Marionette	INFO	Stopped listening on port 42297
1571308687862	mozrunner::runner	INFO	Running command: "/usr/bin/firefox" "-marionette" "-foreground" "-no-remote" "-profile" "/tmp/rust_mozprofileyVkM30"
1571308689345	addons.webextension.screenshots@mozilla.org	WARN	Loading extension 'screenshots@mozilla.org': Reading manifest: Invalid host permission: resource://pdf.js/
1571308689345	addons.webextension.screenshots@mozilla.org	WARN	Loading extension 'screenshots@mozilla.org': Reading manifest: Invalid host permission: about:reader*

(firefox:18662): LIBDBUSMENU-GLIB-WARNING **: Unable to get session bus: Error spawning command line 'dbus-launch --autolaunch=ebd83f68768e3cf067304f6057ffd700 --binary-syntax --close-stderr': Child process exited with code 1
1571308691585	Marionette	INFO	Listening on port 35943
1571308691695	Marionette	WARN	TLS certificate errors will be ignored for this session
console.error: BroadcastService: 
  receivedBroadcastMessage: handler for
  remote-settings/monitor_changes
  threw error:
  Message: Error: Polling for changes failed: NetworkError when attempting to fetch resource..
  Stack:
    remoteSettingsFunction/remoteSettings.pollChanges@resource://services-settings/remote-settings.js:750:13

1571313980136	mozrunner::runner	INFO	Running command: "/usr/bin/firefox" "-marionette" "-foreground" "-no-remote" "-profile" "/tmp/rust_mozprofile8Uw2o3"
1571313981577	addons.webextension.screenshots@mozilla.org	WARN	Loading extension 'screenshots@mozilla.org': Reading manifest: Invalid host permission: resource://pdf.js/
1571313981577	addons.webextension.screenshots@mozilla.org	WARN	Loading extension 'screenshots@mozilla.org': Reading manifest: Invalid host permission: about:reader*

(firefox:3208): LIBDBUSMENU-GLIB-WARNING **: Unable to get session bus: Error spawning command line 'dbus-launch --autolaunch=ebd83f68768e3cf067304f6057ffd700 --binary-syntax --close-stderr': Child process exited with code 1
1571313983555	Marionette	INFO	Listening on port 46822
1571313983666	Marionette	WARN	TLS certificate errors will be ignored for this session
console.error: BroadcastService: 
  receivedBroadcastMessage: handler for
  remote-settings/monitor_changes
  threw error:
  Message: Error: Polling for changes failed: NetworkError when attempting to fetch resource..
  Stack:
    remoteSettingsFunction/remoteSettings.pollChanges@resource://services-settings/remote-settings.js:750:13


(/usr/lib/firefox/firefox:3690): Gdk-WARNING **: /usr/lib/firefox/firefox: Fatal IO error 11 (Resource temporarily unavailable) on X server localhost:11.0.


(/usr/lib/firefox/firefox:3593): Gdk-WARNING **: /usr/lib/firefox/firefox: Fatal IO error 11 (Resource temporarily unavailable) on X server localhost:11.0.


(/usr/lib/firefox/firefox:3436): Gdk-WARNING **: /usr/lib/firefox/firefox: Fatal IO error 11 (Resource temporarily unavailable) on X server localhost:11.0.


(firefox:3208): Gdk-WARNING **: firefox: Fatal IO error 11 (Resource temporarily unavailable) on X server localhost:11.0.

